test add "test-push.xml"
commit -m "add test"
push addons main